[debug] [2024-04-17T05:47:03.166Z] ----------------------------------------------------------------------
[debug] [2024-04-17T05:47:03.168Z] Command:       /home/gitpod/.nvm/versions/node/v20.12.2/bin/node /home/gitpod/.nvm/versions/node/v20.12.2/bin/firebase login
[debug] [2024-04-17T05:47:03.168Z] CLI Version:   13.7.2
[debug] [2024-04-17T05:47:03.168Z] Platform:      linux
[debug] [2024-04-17T05:47:03.168Z] Node Version:  v20.12.2
[debug] [2024-04-17T05:47:03.169Z] Time:          Wed Apr 17 2024 05:47:03 GMT+0000 (Coordinated Universal Time)
[debug] [2024-04-17T05:47:03.169Z] ----------------------------------------------------------------------
[debug] 
[info] i  Firebase optionally collects CLI and Emulator Suite usage and error reporting information to help improve our products. Data is collected in accordance with Google's privacy policy (https://policies.google.com/privacy) and is not used to identify you.
 
[info] 
[info] Visit this URL on this device to log in:
[info] https://accounts.google.com/o/oauth2/auth?client_id=563584335869-fgrhgmd47bqnekij5i8b5pr03ho849e6.apps.googleusercontent.com&scope=email%20openid%20https%3A%2F%2Fwww.googleapis.com%2Fauth%2Fcloudplatformprojects.readonly%20https%3A%2F%2Fwww.googleapis.com%2Fauth%2Ffirebase%20https%3A%2F%2Fwww.googleapis.com%2Fauth%2Fcloud-platform&response_type=code&state=866827098&redirect_uri=http%3A%2F%2Flocalhost%3A9005
[info] 
[info] Waiting for authentication...
[debug] [2024-04-17T05:48:47.760Z] ----------------------------------------------------------------------
[debug] [2024-04-17T05:48:47.761Z] Command:       /home/gitpod/.nvm/versions/node/v20.12.2/bin/node /home/gitpod/.nvm/versions/node/v20.12.2/bin/firebase login
[debug] [2024-04-17T05:48:47.762Z] CLI Version:   13.7.2
[debug] [2024-04-17T05:48:47.762Z] Platform:      linux
[debug] [2024-04-17T05:48:47.762Z] Node Version:  v20.12.2
[debug] [2024-04-17T05:48:47.762Z] Time:          Wed Apr 17 2024 05:48:47 GMT+0000 (Coordinated Universal Time)
[debug] [2024-04-17T05:48:47.762Z] ----------------------------------------------------------------------
[debug] 
[info] i  Firebase optionally collects CLI and Emulator Suite usage and error reporting information to help improve our products. Data is collected in accordance with Google's privacy policy (https://policies.google.com/privacy) and is not used to identify you.
 
[info] 
[info] Visit this URL on this device to log in:
[info] https://accounts.google.com/o/oauth2/auth?client_id=563584335869-fgrhgmd47bqnekij5i8b5pr03ho849e6.apps.googleusercontent.com&scope=email%20openid%20https%3A%2F%2Fwww.googleapis.com%2Fauth%2Fcloudplatformprojects.readonly%20https%3A%2F%2Fwww.googleapis.com%2Fauth%2Ffirebase%20https%3A%2F%2Fwww.googleapis.com%2Fauth%2Fcloud-platform&response_type=code&state=343035133&redirect_uri=http%3A%2F%2Flocalhost%3A9005
[info] 
[info] Waiting for authentication...
